<?xml version="1.0" encoding="UTF-8"?>
<!-- Generated by org.testng.reporters.JUnitReportReporter -->
<testsuite skipped="0" hostname="DESKTOP-IB5SOQ8" name="endTests.SampleTest" tests="1" failures="0" timestamp="02 Nov 2019 03:25:47 GMT" time="2.034" errors="0">
  <testcase name="firstTest" time="2.034" classname="endTests.SampleTest"/>
</testsuite> <!-- endTests.SampleTest -->
