<?xml version="1.0" encoding="UTF-8"?>
<!-- Generated by org.testng.reporters.JUnitReportReporter -->
<testsuite skipped="0" hostname="DESKTOP-IB5SOQ8" name="endTests.DemoTest" tests="1" failures="0" timestamp="03 Nov 2019 13:45:51 GMT" time="63.976" errors="0">
  <testcase name="AssignmentTest" time="63.976" classname="endTests.DemoTest"/>
</testsuite> <!-- endTests.DemoTest -->
